-------------------------------------------------------------------------------
Test set: com.dlg.runner.RunnerClass
-------------------------------------------------------------------------------
Tests run: 1, Failures: 0, Errors: 1, Skipped: 0, Time elapsed: 0.41 s <<< FAILURE! - in com.dlg.runner.RunnerClass
initializationError(com.dlg.runner.RunnerClass)  Time elapsed: 0 s  <<< ERROR!
java.lang.NoSuchMethodError: cucumber.runtime.RuntimeOptions.formatter(Ljava/lang/ClassLoader;)Lcucumber/api/formatter/Formatter;

