<?xml version="1.0" encoding="UTF-8"?>
<testsuite xmlns:xsi="http://www.w3.org/2001/XMLSchema-instance" xsi:noNamespaceSchemaLocation="https://maven.apache.org/surefire/maven-failsafe-plugin/xsd/failsafe-test-report.xsd" name="com.dlg.runner.RunnerClass" time="6.712" tests="4" errors="0" skipped="0" failures="0">
  <properties>
[...]
</properties>
  <testcase name="Given Get the required API 1" classname="| 1 |" time="0.001"/>
  <testcase name="When request is sent with required policy number and term 1" classname="| 1 |" time="0"/>
  <testcase name="Then verify different billing summary response attributes 1" classname="| 1 |" time="0"/>
  <testcase name="| 1 |" classname="| 1 |" time="0.76"/>
</testsuite>